Arguments: 
  /usr/bin/node /usr/share/yarn/bin/yarn.js start

PATH: 
  /usr/local/sbin:/usr/local/bin:/usr/sbin:/usr/bin:/sbin:/bin:/usr/games:/usr/local/games:/snap/bin

Yarn version: 
  1.7.0

Node version: 
  8.11.3

Platform: 
  linux x64

Trace: 
  SyntaxError: /home/alax/Projects/inversion-of-control-and-unit-testing-using-typescript/package.json: Unexpected token } in JSON at position 358
      at JSON.parse (<anonymous>)
      at /usr/share/yarn/lib/cli.js:1130:59
      at Generator.next (<anonymous>)
      at step (/usr/share/yarn/lib/cli.js:98:30)
      at /usr/share/yarn/lib/cli.js:109:13
      at <anonymous>

npm manifest: 
  {
    "name": "inversion-of-control-and-unit-testing-using-typescript",
    "description": "",
    "homepage": "https://stackblitz.com/edit/inversion-of-control-and-unit-testing-using-typescript",
    "dependencies": {
      "inversify": "4.13.0",
      "reflect-metadata": "0.1.12"
    },
    "version": "1.0.0",
    "scripts": {
      "start": "parcel client/index.html"
    },
  }

yarn manifest: 
  No manifest

Lockfile: 
  # THIS IS AN AUTOGENERATED FILE. DO NOT EDIT THIS FILE DIRECTLY.
  # yarn lockfile v1
  
  
  inversify@4.13.0:
    version "4.13.0"
    resolved "https://registry.yarnpkg.com/inversify/-/inversify-4.13.0.tgz#0ab40570bfa4474b04d5b919bbab3a4f682a72f5"
  
  reflect-metadata@0.1.12:
    version "0.1.12"
    resolved "https://registry.yarnpkg.com/reflect-metadata/-/reflect-metadata-0.1.12.tgz#311bf0c6b63cd782f228a81abe146a2bfa9c56f2"
